<?xml version="1.0" encoding="UTF-8"?>
<!-- Generated by org.testng.reporters.JUnitXMLReporter -->
<testsuite ignored="1" hostname="DESKTOP-GI5LK7B" failures="0" tests="2" name="Test" time="0.042" errors="0" timestamp="2022-12-14T12:53:17 IST">
  <testcase classname="MavPack1.groupstestng" name="testcase1" time="0.007"/>
  <testcase classname="MavPack1.groupstestng" name="testcase3" time="0.001"/>
  <testcase classname="MavPack1.groupstestng" name="testcase2" time="0.0">
    <ignored/>
  </testcase> <!-- testcase2 -->
</testsuite> <!-- Test -->
